<?xml version="1.0" encoding="UTF-8"?>
<!-- Generated by org.testng.reporters.JUnitReportReporter -->
<testsuite skipped="0" hostname="LAPTOP-2HJED94A" name="org.hf.experi.androidtestcases.SignInTest" tests="3" failures="0" timestamp="12 May 2019 17:26:40 GMT" time="14.909" errors="0">
  <testcase name="test2" time="1.529" classname="org.hf.experi.androidtestcases.SignInTest"/>
  <testcase name="test1" time="3.276" classname="org.hf.experi.androidtestcases.SignInTest"/>
  <testcase name="test3" time="10.104" classname="org.hf.experi.androidtestcases.SignInTest"/>
</testsuite> <!-- org.hf.experi.androidtestcases.SignInTest -->
